#
# A fatal error has been detected by the Java Runtime Environment:
#
#  SIGBUS (0xa) at pc=0x00000001211bee9f, pid=17517, tid=775
#
# JRE version: OpenJDK Runtime Environment (13.0.1+9) (build 13.0.1+9)
# Java VM: OpenJDK 64-Bit Server VM (13.0.1+9, mixed mode, sharing, tiered, compressed oops, g1 gc, bsd-amd64)
# Problematic frame:
# J 409 c2 java.lang.String.substring(II)Ljava/lang/String; java.base@13.0.1 (58 bytes) @ 0x00000001211bee9f [0x00000001211bec20+0x000000000000027f]
#
# No core dump will be written. Core dumps have been disabled. To enable core dumping, try "ulimit -c unlimited" before starting Java again
#
# If you would like to submit a bug report, please visit:
#   http://bugreport.java.com/bugreport/crash.jsp
#

---------------  S U M M A R Y ------------

Command Line: -Djava.awt.headless=true -Xmx512m -Xrs vfprintf exit -Xss2m 

Host: MacBookPro15,4 x86_64 1400 MHz, 8 cores, 16G, Darwin 18.7.0
Time: Tue Aug 25 21:06:26 2020 EDT elapsed time: 477 seconds (0d 0h 7m 57s)

---------------  T H R E A D  ---------------

Current thread (0x00007f8f959a0800):  JavaThread "main" [_thread_in_Java, id=775, stack(0x00007ffeea417000,0x00007ffeeac17000)]

Stack: [0x00007ffeea417000,0x00007ffeeac17000],  sp=0x00007ffeeac0a9b8,  free space=8142k
Native frames: (J=compiled Java code, A=aot compiled Java code, j=interpreted, Vv=VM code, C=native code)
J 409 c2 java.lang.String.substring(II)Ljava/lang/String; java.base@13.0.1 (58 bytes) @ 0x00000001211bee9f [0x00000001211bec20+0x000000000000027f]

[error occurred during error reporting (printing native stack), id 0xb, SIGSEGV (0xb) at pc=0x00000001106f8587]


siginfo: si_signo: 10 (SIGBUS), si_code: 2 (BUS_ADRERR), si_addr: 0x00007f8f88f90f40

Register to memory mapping:

RAX=0x00000007e0a71440 is an oop: java.lang.String 
{0x00000007e0a71440} - klass: 'java/lang/String'
RBX=0x00000007e0a71458 is an oop: [B 
{0x00000007e0a71458} - klass: {type array byte}
 - length: 138
RCX=0x000000000000008a is an unknown value
RDX=0x0 is NULL
RSP=0x00007ffeeac0a9b8 is pointing into the stack for thread: 0x00007f8f959a0800
RBP=0x00007ffeeac0aa38 is pointing into the stack for thread: 0x00007f8f959a0800
RSI=0x00000007e0a714ea is pointing into object: [B 
{0x00000007e0a71458} - klass: {type array byte}
 - length: 138
RDI=0x00000007e0a7133c is pointing into object: [B 
{0x00000007e0a71250} - klass: {type array byte}
 - length: 228
R8 =0x00000007e0a71250 is an oop: [B 
{0x00000007e0a71250} - klass: {type array byte}
 - length: 228
R9 =0x00000007e0a71468 is pointing into object: [B 
{0x00000007e0a71458} - klass: {type array byte}
 - length: 138
R10=0x0000000106149008 is an unknown value
R11=0x00000007e0a71440 is an oop: java.lang.String 
{0x00000007e0a71440} - klass: 'java/lang/String'
R12=0x0 is NULL
R13=0x00000007e0a71440 is an oop: java.lang.String 
{0x00000007e0a71440} - klass: 'java/lang/String'
R14=4229227147 is a compressed pointer to object: [B 
{0x00000007e0a71458} - klass: {type array byte}
 - length: 138
R15=0x00007f8f959a0800 is a thread


Registers:
RAX=0x00000007e0a71440, RBX=0x00000007e0a71458, RCX=0x000000000000008a, RDX=0x0000000000000000
RSP=0x00007ffeeac0a9b8, RBP=0x00007ffeeac0aa38, RSI=0x00000007e0a714ea, RDI=0x00000007e0a7133c
R8 =0x00000007e0a71250, R9 =0x00000007e0a71468, R10=0x0000000106149008, R11=0x00000007e0a71440
R12=0x0000000000000000, R13=0x00000007e0a71440, R14=0x00000000fc14e28b, R15=0x00007f8f959a0800
RIP=0x00000001211bee9f, EFLAGS=0x0000000000000202, ERR=0x00000000020000b8
  TRAPNO=0x0000000000000085

Top of Stack: (sp=0x00007ffeeac0a9b8)
0x00007ffeeac0a9b8:   00000001196e2d00 00007ffeeac0aa38
0x00007ffeeac0a9c8:   00000001196e2d00 00000000000000e4
0x00007ffeeac0a9d8:   000000000000005a 00000007e0a71238
0x00007ffeeac0a9e8:   00000007e0a71348 00007ffeeac0a9f0
0x00007ffeeac0a9f8:   000000012ce51175 00007ffeeac0aa80
0x00007ffeeac0aa08:   000000012ce51948 000000012ce52328
0x00007ffeeac0aa18:   00000007e0ba37c0 000000012ce51208
0x00007ffeeac0aa28:   00007ffeeac0a9d0 00007ffeeac0aa78
0x00007ffeeac0aa38:   00007ffeeac0aad0 00000001196e2d00
0x00007ffeeac0aa48:   000000000000003b 00000000000000e4
0x00007ffeeac0aa58:   000000000000005a 0000000000000000
0x00007ffeeac0aa68:   0000000000000000 00000007e0a71348
0x00007ffeeac0aa78:   000000000000002c 00000007e0a71238
0x00007ffeeac0aa88:   00007ffeeac0aa88 000000012ce3e13b
0x00007ffeeac0aa98:   00007ffeeac0aaf8 000000012ce3e918
0x00007ffeeac0aaa8:   0000000000000000 00000007e0b88a38
0x00007ffeeac0aab8:   000000012ce3e1e8 00007ffeeac0aa78
0x00007ffeeac0aac8:   00007ffeeac0aaf8 00007ffeeac0ab48
0x00007ffeeac0aad8:   00000001196e2d00 0000000000000000
0x00007ffeeac0aae8:   0000000000000000 0000000000000000
0x00007ffeeac0aaf8:   00000007e0a71238 00007ffeeac0ab00
0x00007ffeeac0ab08:   000000012ce3e2f3 00007ffeeac0ab90
0x00007ffeeac0ab18:   000000012ce3e918 0000000000000000
0x00007ffeeac0ab28:   00000007e0b88a38 000000012ce3e460
0x00007ffeeac0ab38:   00007ffeeac0aaf8 00007ffeeac0ab90
0x00007ffeeac0ab48:   00007ffeeac0abe0 00000001196e2fb3
0x00007ffeeac0ab58:   00000007e0a16018 00000007e0a6ffc8
0x00007ffeeac0ab68:   00000007e0a6ffb0 0000000000000000
0x00007ffeeac0ab78:   00000007e0a71238 00000007e0b96738
0x00007ffeeac0ab88:   00000007e0b96450 00000007e0b95280
0x00007ffeeac0ab98:   00007ffeeac0ab98 000000012ce3dc02
0x00007ffeeac0aba8:   00007ffeeac0ac38 000000012ce3e918 

Instructions: (pc=0x00000001211bee9f)
0x00000001211bed9f:   c0 00 00 00 48 c7 03 01 00 00 00 0f 0d 8f 00 01
0x00000001211bedaf:   00 00 c7 43 08 86 fc 06 00 44 89 53 0c 0f 0d 8f
0x00000001211bedbf:   40 01 00 00 0f 0d 8f 80 01 00 00 4c 8b cb 49 83
0x00000001211bedcf:   c1 10 48 c1 e9 03 4c 8b f3 49 c1 ee 03 85 ed 0f
0x00000001211beddf:   84 d0 01 00 00 48 63 d5 49 c1 e0 03 4f 8d 5c 18
0x00000001211bedef:   10 41 3b ea 0f 8c b7 00 00 00 49 8b fb 49 8b f1
0x00000001211bedff:   c5 f8 77 49 ba 20 4e 72 19 01 00 00 00 41 ff d2
0x00000001211bee0f:   41 80 7f 30 00 0f 85 d6 00 00 00 45 89 75 0c 4c
0x00000001211bee1f:   8b d3 4d 8b dd 4d 33 d3 49 c1 ea 14 4d 85 d2 74
0x00000001211bee2f:   53 49 c1 eb 09 48 bf 00 90 fd 24 01 00 00 00 49
0x00000001211bee3f:   03 fb 80 3f 20 74 3d 4d 8b 57 78 4d 8b 5f 68 f0
0x00000001211bee4f:   83 44 24 c0 00 80 3f 00 74 2a c6 07 00 4d 85 db
0x00000001211bee5f:   75 15 49 8b f7 c5 f8 77 49 ba 5c 01 70 10 01 00
0x00000001211bee6f:   00 00 41 ff d2 eb 0d 4b 89 7c 1a f8 49 83 c3 f8
0x00000001211bee7f:   4d 89 5f 68 41 c6 45 14 00 eb 03 4c 8b ee 49 8b
0x00000001211bee8f:   c5 c5 f8 77 48 83 c4 40 5d 4d 8b 97 08 01 00 00
0x00000001211bee9f:   41 85 02 c3 44 3b d5 74 e2 45 33 db e9 eb fd ff
0x00000001211beeaf:   ff 4c 8b d2 49 83 c2 10 4d 8b c2 49 83 e0 f8 48
0x00000001211beebf:   8b fb 49 03 f8 49 c1 ea 03 49 2b ca 48 33 c0 48
0x00000001211beecf:   83 f9 08 7f 10 48 ff c9 78 12 48 89 04 cf 48 ff
0x00000001211beedf:   c9 7d f7 eb 07 48 c1 e1 03 f3 48 aa e9 09 ff ff
0x00000001211beeef:   ff 45 8b 55 0c 45 85 d2 0f 84 1d ff ff ff 4d 8b
0x00000001211beeff:   5f 38 49 8b fa 48 c1 e7 03 4d 85 db 0f 84 89 01
0x00000001211bef0f:   00 00 4d 8b 57 48 4b 89 7c 1a f8 49 83 c3 f8 4d
0x00000001211bef1f:   89 5f 38 e9 f3 fe ff ff 44 89 5c 24 04 44 89 04
0x00000001211bef2f:   24 41 8b ea 48 be f0 56 30 00 08 00 00 00 66 66
0x00000001211bef3f:   90 c5 f8 77 e8 b8 a0 61 f8 44 8b d5 44 8b 04 24
0x00000001211bef4f:   44 8b 5c 24 04 4c 8b e8 e9 b1 fd ff ff 48 89 4c
0x00000001211bef5f:   24 18 4c 89 6c 24 10 44 89 5c 24 08 44 89 44 24
0x00000001211bef6f:   04 44 89 14 24 48 be 30 e4 37 00 08 00 00 00 41
0x00000001211bef7f:   8b d2 66 66 90 c5 f8 77 e8 74 bb 61 f8 44 8b 14
0x00000001211bef8f:   24 44 8b 44 24 04 44 8b 5c 24 08 4c 8b 6c 24 10 


Stack slot to memory mapping:
stack at sp + 0 slots: 0x00000001196e2d00 is at code_begin+1664 in an Interpreter codelet
invoke return entry points  [0x00000001196e2680, 0x00000001196e30a0]  2592 bytes
stack at sp + 1 slots: 0x00007ffeeac0aa38 is pointing into the stack for thread: 0x00007f8f959a0800
stack at sp + 2 slots: 0x00000001196e2d00 is at code_begin+1664 in an Interpreter codelet
invoke return entry points  [0x00000001196e2680, 0x00000001196e30a0]  2592 bytes
stack at sp + 3 slots: 0x00000000000000e4 is an unknown value
stack at sp + 4 slots: 0x000000000000005a is an unknown value
stack at sp + 5 slots: 0x00000007e0a71238 is an oop: java.lang.String 
{0x00000007e0a71238} - klass: 'java/lang/String'
stack at sp + 6 slots: 0x00000007e0a71348 is an oop: java.util.ArrayList 
{0x00000007e0a71348} - klass: 'java/util/ArrayList'
stack at sp + 7 slots: 0x00007ffeeac0a9f0 is pointing into the stack for thread: 0x00007f8f959a0800

--------------------------------------------------------------------------------
[Constant Pool (empty)]

--------------------------------------------------------------------------------

[MachCode]
  0x00000001211bec20: 448b 5608 | 49c1 e203 | 49bc 0000 | 0000 0800 | 0000 4d03 | d44d 33e4 | 493b c20f | 85bf 5056 
  0x00000001211bec40: f866 6690 | 0f1f 8400 | 0000 0000 | 6666 6690 | 8984 2400 | c0fe ff55 | 4883 ec40 | 448b d144 
  0x00000001211bec60: 8b46 0c47 | 8b4c c40c | 4489 4c24 | 080f be4e | 1441 8be9 | d3fd 85d2 | 0f8c 8403 | 0000 413b 
  0x00000001211bec80: d20f 8f9b | 0300 0044 | 3bd5 0f8f | ba03 0000 | 85d2 0f84 | 0b02 0000 | 448b da44 | 2bd2 85c9 
  0x00000001211beca0: 0f85 c803 | 0000 4d8b | af18 0100 | 004d 8bcd | 4983 c118 | 4d3b 8f28 | 0100 000f | 8366 0200 
  0x00000001211becc0: 004d 898f | 1801 0000 | 410f 0d89 | c000 0000 | 41b9 de0a | 0600 49c1 | e103 49bc | 0000 0000 
  0x00000001211bece0: 0800 0000 | 4d03 cc4d | 33e4 4d8b | 89b8 0000 | 004d 894d | 0041 c745 | 08de 0a06 | 0041 c745 
  0x00000001211bed00: 0c00 0000 | 0049 c745 | 1000 0000 | 0045 85d2 | 0f8c 9c03 | 0000 4181 | fa00 0010 | 000f 8789 
  0x00000001211bed20: 0200 0049 | 63ca 4585 | db0f 8cb1 | 0200 008b | 5c24 0841 | 2bdb 418b | fa3b df8b | ef0f 4ceb 
  0x00000001211bed40: 418b db03 | dd44 8b4c | 2408 443b | cb0f 828d | 0200 003b | fd0f 8285 | 0200 0085 | ed0f 8c7d 
  0x00000001211bed60: 0200 0048 | 83c1 1741 | 81fa 0000 | 1000 0f87 | e801 0000 | 498b 9f18 | 0100 004c | 8bc9 4983 
  0x00000001211bed80: e1f8 488b | fb49 03f9 | 493b bf28 | 0100 000f | 83c7 0100 | 0049 89bf | 1801 0000 | 0f0d 8fc0 
  0x00000001211beda0: 0000 0048 | c703 0100 | 0000 0f0d | 8f00 0100 | 00c7 4308 | 86fc 0600 | 4489 530c | 0f0d 8f40 
  0x00000001211bedc0: 0100 000f | 0d8f 8001 | 0000 4c8b | cb49 83c1 | 1048 c1e9 | 034c 8bf3 | 49c1 ee03 | 85ed 0f84 
  0x00000001211bede0: d001 0000 | 4863 d549 | c1e0 034f | 8d5c 1810 | 413b ea0f | 8cb7 0000 | 0049 8bfb | 498b f1c5 
  0x00000001211bee00: f877 49ba | 204e 7219 | 0100 0000 | 41ff d241 | 807f 3000 | 0f85 d600 | 0000 4589 | 750c 4c8b 
  0x00000001211bee20: d34d 8bdd | 4d33 d349 | c1ea 144d | 85d2 7453 | 49c1 eb09 | 48bf 0090 | fd24 0100 | 0000 4903 
  0x00000001211bee40: fb80 3f20 | 743d 4d8b | 5778 4d8b | 5f68 f083 | 4424 c000 | 803f 0074 | 2ac6 0700 | 4d85 db75 
  0x00000001211bee60: 1549 8bf7 | c5f8 7749 | ba5c 0170 | 1001 0000 | 0041 ffd2 | eb0d 4b89 | 7c1a f849 | 83c3 f84d 
  0x00000001211bee80: 895f 6841 | c645 1400 | eb03 4c8b | ee49 8bc5 | c5f8 7748 | 83c4 405d | 4d8b 9708 | 0100 0041 
  0x00000001211beea0: 8502 c344 | 3bd5 74e2 | 4533 dbe9 | ebfd ffff | 4c8b d249 | 83c2 104d | 8bc2 4983 | e0f8 488b 
  0x00000001211beec0: fb49 03f8 | 49c1 ea03 | 492b ca48 | 33c0 4883 | f908 7f10 | 48ff c978 | 1248 8904 | cf48 ffc9 
  0x00000001211beee0: 7df7 eb07 | 48c1 e103 | f348 aae9 | 09ff ffff | 458b 550c | 4585 d20f | 841d ffff | ff4d 8b5f 
  0x00000001211bef00: 3849 8bfa | 48c1 e703 | 4d85 db0f | 8489 0100 | 004d 8b57 | 484b 897c | 1af8 4983 | c3f8 4d89 
  0x00000001211bef20: 5f38 e9f3 | feff ff44 | 895c 2404 | 4489 0424 | 418b ea48 | bef0 5630 | 0008 0000 | 0066 6690 
  0x00000001211bef40: c5f8 77e8 | b8a0 61f8 | 448b d544 | 8b04 2444 | 8b5c 2404 | 4c8b e8e9 | b1fd ffff | 4889 4c24 
  0x00000001211bef60: 184c 896c | 2410 4489 | 5c24 0844 | 8944 2404 | 4489 1424 | 48be 30e4 | 3700 0800 | 0000 418b 
  0x00000001211bef80: d266 6690 | c5f8 77e8 | 74bb 61f8 | 448b 1424 | 448b 4424 | 0444 8b5c | 2408 4c8b | 6c24 1048 
  0x00000001211befa0: 8b4c 2418 | 488b d8e9 | 1efe ffff | 4963 cae9 | 72fd ffff | 4883 c1fe | 498b f948 | 33c0 4883 
  0x00000001211befc0: f908 7f10 | 48ff c978 | 1248 8904 | cf48 ffc9 | 7df7 eb07 | 48c1 e103 | f348 aae9 | 2ffe ffff 
  0x00000001211befe0: becc ffff | ff41 8be8 | 4489 5424 | 044c 896c | 2410 4489 | 5c24 1890 | c5f8 77e8 | 802d 56f8 
  0x00000001211bf000: 0f0b 4889 | 3424 8954 | 2410 4489 | 5424 1489 | 5424 18be | 45ff ffff | c5f8 77e8 | 602d 56f8 
  0x00000001211bf020: 0f0b 4889 | 3424 8954 | 2410 4489 | 5424 1489 | 5424 1844 | 8954 241c | be45 ffff | ff66 6690 
  0x00000001211bf040: c5f8 77e8 | 382d 56f8 | 0f0b 4889 | 3424 8954 | 2410 4489 | 5424 1444 | 8954 2418 | be45 ffff 
  0x00000001211bf060: ff66 6690 | c5f8 77e8 | 142d 56f8 | 0f0b 85c9 | 400f 95c5 | 400f b6ed | 83f5 0148 | 8934 2444 
  0x00000001211bf080: 8954 2408 | 4489 5c24 | 0cbe 45ff | ffff 6690 | c5f8 77e8 | e82c 56f8 | 0f0b 498b | f7c5 f877 
  0x00000001211bf0a0: 49ba 3801 | 7010 0100 | 0000 41ff | d2e9 68fd | ffff 418b | ea41 03eb | be45 ffff | ff44 8904 
  0x00000001211bf0c0: 2444 8954 | 2408 4c89 | 6c24 1844 | 895c 240c | c5f8 77e8 | a82c 56f8 | 0f0b bef6 | ffff ff90 
  0x00000001211bf0e0: c5f8 77e8 | 982c 56f8 | 0f0b 488b | f0eb 0348 | 8bf0 c5f8 | 7748 83c4 | 405d e901 | a261 f8f4 
  0x00000001211bf100: e9fb 3358 | f8e8 0000 | 0000 4883 | 2c24 05e9 | 8c2f 56f8 | f4f4 f4f4 
[/MachCode]
--------------------------------------------------------------------------------


---------------  P R O C E S S  ---------------

Threads class SMR info:
_java_thread_list=0x00007f8f877057a0, length=9, elements={
0x00007f8f959a0800, 0x00007f8f951d8000, 0x00007f8f96a03800, 0x00007f8f947d6000,
0x00007f8f96a05800, 0x00007f8f902db800, 0x00007f8f89041800, 0x00007f8f95967000,
0x00007f8f96a06800
}

Java Threads: ( => current thread )
=>0x00007f8f959a0800 JavaThread "main" [_thread_in_Java, id=775, stack(0x00007ffeea417000,0x00007ffeeac17000)]
  0x00007f8f951d8000 JavaThread "Reference Handler" daemon [_thread_blocked, id=14595, stack(0x0000700009676000,0x0000700009876000)]
  0x00007f8f96a03800 JavaThread "Finalizer" daemon [_thread_blocked, id=18691, stack(0x0000700009879000,0x0000700009a79000)]
  0x00007f8f947d6000 JavaThread "Attach Listener" daemon [_thread_blocked, id=21763, stack(0x0000700009b82000,0x0000700009d82000)]
  0x00007f8f96a05800 JavaThread "C2 CompilerThread0" daemon [_thread_blocked, id=22531, stack(0x0000700009d85000,0x0000700009e85000)]
  0x00007f8f902db800 JavaThread "C1 CompilerThread0" daemon [_thread_blocked, id=42755, stack(0x0000700009e88000,0x0000700009f88000)]
  0x00007f8f89041800 JavaThread "Sweeper thread" daemon [_thread_blocked, id=22787, stack(0x0000700009f8b000,0x000070000a18b000)]
  0x00007f8f95967000 JavaThread "Service Thread" daemon [_thread_blocked, id=41731, stack(0x000070000a18e000,0x000070000a38e000)]
  0x00007f8f96a06800 JavaThread "Common-Cleaner" daemon [_thread_blocked, id=23811, stack(0x000070000a494000,0x000070000a694000)]

Other Threads:
  0x00007f8f9504a000 VMThread "VM Thread" [stack: 0x0000700009573000,0x0000700009673000] [id=13827] _threads_hazard_ptr=0x00007f8f877057a0
  0x00007f8f951dd800 WatcherThread [stack: 0x000070000a391000,0x000070000a491000] [id=41475]
  0x00007f8f9585e000 GCTaskThread "GC Thread#0" [stack: 0x0000700009064000,0x0000700009164000] [id=11523]
  0x00007f8f9458e000 GCTaskThread "GC Thread#1" [stack: 0x000070000a79d000,0x000070000a89d000] [id=16147]
  0x00007f8f9458f000 GCTaskThread "GC Thread#2" [stack: 0x000070000a8a0000,0x000070000a9a0000] [id=26883]
  0x00007f8f9456e000 GCTaskThread "GC Thread#3" [stack: 0x000070000a9a3000,0x000070000aaa3000] [id=27395]
  0x00007f8f9456f000 GCTaskThread "GC Thread#4" [stack: 0x000070000aaa6000,0x000070000aba6000] [id=38147]
  0x00007f8f945b0000 GCTaskThread "GC Thread#5" [stack: 0x000070000aba9000,0x000070000aca9000] [id=27907]
  0x00007f8f93674000 ConcurrentGCThread "G1 Main Marker" [stack: 0x0000700009167000,0x0000700009267000] [id=20995]
  0x00007f8f8c453800 ConcurrentGCThread "G1 Conc#0" [stack: 0x000070000926a000,0x000070000936a000] [id=20483]
  0x00007f8f96a49800 ConcurrentGCThread "G1 Refine#0" [stack: 0x000070000936d000,0x000070000946d000] [id=12547]
  0x00007f8f95163000 ConcurrentGCThread "G1 Young RemSet Sampling" [stack: 0x0000700009470000,0x0000700009570000] [id=20227]

Threads with active compile tasks:
C2 CompilerThread0   477794  657       4       java.util.regex.Matcher::search (154 bytes)
C1 CompilerThread0   477794  672       3       java.util.regex.Pattern::atom (422 bytes)

VM state:synchronizing (normal execution)

VM Mutex/Monitor currently owned by a thread:  ([mutex/lock_event])
[0x00007f8f88cebcc0] Threads_lock - owner thread: 0x00007f8f9504a000

Heap address: 0x00000007e0000000, size: 512 MB, Compressed Oops mode: Zero based, Oop shift amount: 3
Narrow klass base: 0x0000000800000000, Narrow klass shift: 3
Compressed class space size: 1073741824 Address: 0x0000000800add000

Heap:
 garbage-first heap   total 14336K, used 3250K [0x00000007e0000000, 0x0000000800000000)
  region size 1024K, 2 young (2048K), 0 survivors (0K)
 Metaspace       used 3371K, capacity 6231K, committed 6528K, reserved 1056768K
  class space    used 318K, capacity 612K, committed 640K, reserved 1048576K
Heap Regions: E=young(eden), S=young(survivor), O=old, HS=humongous(starts), HC=humongous(continues), CS=collection set, F=free, A=archive, TAMS=top-at-mark-start (previous, next)
|   0|0x00000007e0000000, 0x00000007e00ff818, 0x00000007e0100000| 99%| O|  |TAMS 0x00000007e0000000, 0x00000007e0000000| Untracked 
|   1|0x00000007e0100000, 0x00000007e0170098, 0x00000007e0200000| 43%| O|  |TAMS 0x00000007e0100000, 0x00000007e0100000| Untracked 
|   2|0x00000007e0200000, 0x00000007e0200000, 0x00000007e0300000|  0%| F|  |TAMS 0x00000007e0200000, 0x00000007e0200000| Untracked 
|   3|0x00000007e0300000, 0x00000007e0300000, 0x00000007e0400000|  0%| F|  |TAMS 0x00000007e0300000, 0x00000007e0300000| Untracked 
|   4|0x00000007e0400000, 0x00000007e0400000, 0x00000007e0500000|  0%| F|  |TAMS 0x00000007e0400000, 0x00000007e0400000| Untracked 
|   5|0x00000007e0500000, 0x00000007e0500000, 0x00000007e0600000|  0%| F|  |TAMS 0x00000007e0500000, 0x00000007e0500000| Untracked 
|   6|0x00000007e0600000, 0x00000007e0600000, 0x00000007e0700000|  0%| F|  |TAMS 0x00000007e0600000, 0x00000007e0600000| Untracked 
|   7|0x00000007e0700000, 0x00000007e0700000, 0x00000007e0800000|  0%| F|  |TAMS 0x00000007e0700000, 0x00000007e0700000| Untracked 
|   8|0x00000007e0800000, 0x00000007e0800000, 0x00000007e0900000|  0%| F|  |TAMS 0x00000007e0800000, 0x00000007e0800000| Untracked 
|   9|0x00000007e0900000, 0x00000007e0900000, 0x00000007e0a00000|  0%| F|  |TAMS 0x00000007e0900000, 0x00000007e0900000| Untracked 
|  10|0x00000007e0a00000, 0x00000007e0a7b798, 0x00000007e0b00000| 48%| E|  |TAMS 0x00000007e0a00000, 0x00000007e0a00000| Complete 
|  11|0x00000007e0b00000, 0x00000007e0c00000, 0x00000007e0c00000|100%| E|CS|TAMS 0x00000007e0b00000, 0x00000007e0b00000| Complete 
| 510|0x00000007ffe00000, 0x00000007ffe47000, 0x00000007fff00000| 27%|OA|  |TAMS 0x00000007ffe00000, 0x00000007ffe00000| Untracked 
| 511|0x00000007fff00000, 0x00000007fff76000, 0x0000000800000000| 46%|CA|  |TAMS 0x00000007fff00000, 0x00000007fff00000| Untracked 

Card table byte_map: [0x0000000128ed9000,0x0000000128fd9000] _byte_map_base: 0x0000000124fd9000

Marking Bits (Prev, Next): (CMBitMap*) 0x00007f8f93570218, (CMBitMap*) 0x00007f8f93570258
 Prev Bits: [0x00000001290d9000, 0x00000001298d9000)
 Next Bits: [0x00000001298d9000, 0x000000012a0d9000)

Polling page: 0x0000000106149000

Metaspace:

Usage:
  Non-class:      5.49 MB capacity,     2.98 MB ( 54%) used,     2.50 MB ( 46%) free+waste,     6.94 KB ( <1%) overhead. 
      Class:    612.00 KB capacity,   318.98 KB ( 52%) used,   289.02 KB ( 47%) free+waste,     4.00 KB ( <1%) overhead. 
       Both:      6.08 MB capacity,     3.29 MB ( 54%) used,     2.78 MB ( 46%) free+waste,    10.94 KB ( <1%) overhead. 

Virtual space:
  Non-class space:        8.00 MB reserved,       5.75 MB ( 72%) committed 
      Class space:        1.00 GB reserved,     640.00 KB ( <1%) committed 
             Both:        1.01 GB reserved,       6.38 MB ( <1%) committed 

Chunk freelists:
   Non-Class:  41.00 KB
       Class:  8.00 KB
        Both:  49.00 KB

MaxMetaspaceSize: unlimited
CompressedClassSpaceSize: 1.00 GB

CodeHeap 'non-profiled nmethods': size=120032Kb used=189Kb max_used=189Kb free=119842Kb
 bounds [0x00000001211a1000, 0x0000000121411000, 0x00000001286d9000]
CodeHeap 'profiled nmethods': size=120028Kb used=1214Kb max_used=1214Kb free=118813Kb
 bounds [0x0000000119c6a000, 0x0000000119eda000, 0x00000001211a1000]
CodeHeap 'non-nmethods': size=5700Kb used=1160Kb max_used=1172Kb free=4540Kb
 bounds [0x00000001196d9000, 0x0000000119949000, 0x0000000119c6a000]
 total_blobs=1202 nmethods=656 adapters=322
 compilation: enabled
              stopped_count=0, restarted_count=0
 full_count=0

Compilation events (20 events):
Event: 477.742 Thread 0x00007f8f96a05800 nmethod 654 0x00000001211cf890 code [0x00000001211cfa00, 0x00000001211cfa78]
Event: 477.742 Thread 0x00007f8f96a05800  652       4       java.lang.StringBuilder::append (8 bytes)
Event: 477.743 Thread 0x00007f8f902db800 nmethod 647 0x0000000119d87790 code [0x0000000119d87c80, 0x0000000119d8a368]
Event: 477.743 Thread 0x00007f8f902db800  655       3       java.util.regex.Matcher::getTextLength (10 bytes)
Event: 477.743 Thread 0x00007f8f902db800 nmethod 655 0x0000000119d8b410 code [0x0000000119d8b5c0, 0x0000000119d8b808]
Event: 477.743 Thread 0x00007f8f902db800  658       3       java.util.regex.Matcher::appendExpandedReplacement (510 bytes)
Event: 477.747 Thread 0x00007f8f902db800 nmethod 658 0x0000000119d8b910 code [0x0000000119d8c1c0, 0x0000000119d91118]
Event: 477.747 Thread 0x00007f8f902db800  643       3       java.util.regex.Matcher::find (69 bytes)
Event: 477.747 Thread 0x00007f8f902db800 nmethod 643 0x0000000119d92d10 code [0x0000000119d92ec0, 0x0000000119d93208]
Event: 477.747 Thread 0x00007f8f902db800  644       3       java.lang.StringBuilder::append (10 bytes)
Event: 477.747 Thread 0x00007f8f96a05800 nmethod 652 0x00000001211cfb90 code [0x00000001211cfd40, 0x00000001211d0218]
Event: 477.747 Thread 0x00007f8f96a05800  657       4       java.util.regex.Matcher::search (154 bytes)
Event: 477.747 Thread 0x00007f8f902db800 nmethod 644 0x0000000119d93310 code [0x0000000119d934c0, 0x0000000119d93688]
Event: 477.747 Thread 0x00007f8f902db800  645       3       java.lang.AbstractStringBuilder::append (63 bytes)
Event: 477.747 Thread 0x00007f8f902db800 nmethod 645 0x0000000119d93710 code [0x0000000119d93900, 0x0000000119d93f08]
Event: 477.747 Thread 0x00007f8f902db800  646       3       java.lang.AbstractStringBuilder::appendChars (207 bytes)
Event: 477.748 Thread 0x00007f8f902db800 nmethod 646 0x0000000119d94090 code [0x0000000119d94340, 0x0000000119d95328]
Event: 477.748 Thread 0x00007f8f902db800  650       3       java.util.regex.Pattern$Node::study (21 bytes)
Event: 477.748 Thread 0x00007f8f902db800 nmethod 650 0x0000000119d95890 code [0x0000000119d95a40, 0x0000000119d95ce8]
Event: 477.748 Thread 0x00007f8f902db800  672       3       java.util.regex.Pattern::atom (422 bytes)

GC Heap History (12 events):
Event: 36.754 GC heap before
{Heap before GC invocations=0 (full 0):
 garbage-first heap   total 264192K, used 6900K [0x00000007e0000000, 0x0000000800000000)
  region size 1024K, 8 young (8192K), 0 survivors (0K)
 Metaspace       used 2963K, capacity 6130K, committed 6272K, reserved 1056768K
  class space    used 290K, capacity 598K, committed 640K, reserved 1048576K
}
Event: 36.761 GC heap after
{Heap after GC invocations=1 (full 1):
 garbage-first heap   total 27648K, used 2178K [0x00000007e0000000, 0x0000000800000000)
  region size 1024K, 0 young (0K), 0 survivors (0K)
 Metaspace       used 2963K, capacity 6130K, committed 6272K, reserved 1056768K
  class space    used 290K, capacity 598K, committed 640K, reserved 1048576K
}
Event: 81.462 GC heap before
{Heap before GC invocations=1 (full 1):
 garbage-first heap   total 27648K, used 2178K [0x00000007e0000000, 0x0000000800000000)
  region size 1024K, 1 young (1024K), 0 survivors (0K)
 Metaspace       used 3092K, capacity 6154K, committed 6272K, reserved 1056768K
  class space    used 304K, capacity 608K, committed 640K, reserved 1048576K
}
Event: 81.470 GC heap after
{Heap after GC invocations=2 (full 2):
 garbage-first heap   total 14336K, used 2212K [0x00000007e0000000, 0x0000000800000000)
  region size 1024K, 0 young (0K), 0 survivors (0K)
 Metaspace       used 3092K, capacity 6154K, committed 6272K, reserved 1056768K
  class space    used 304K, capacity 608K, committed 640K, reserved 1048576K
}
Event: 118.736 GC heap before
{Heap before GC invocations=2 (full 2):
 garbage-first heap   total 14336K, used 2212K [0x00000007e0000000, 0x0000000800000000)
  region size 1024K, 1 young (1024K), 0 survivors (0K)
 Metaspace       used 3099K, capacity 6154K, committed 6272K, reserved 1056768K
  class space    used 304K, capacity 608K, committed 640K, reserved 1048576K
}
Event: 118.749 GC heap after
{Heap after GC invocations=3 (full 3):
 garbage-first heap   total 14336K, used 2212K [0x00000007e0000000, 0x0000000800000000)
  region size 1024K, 0 young (0K), 0 survivors (0K)
 Metaspace       used 3099K, capacity 6154K, committed 6272K, reserved 1056768K
  class space    used 304K, capacity 608K, committed 640K, reserved 1048576K
}
Event: 139.580 GC heap before
{Heap before GC invocations=3 (full 3):
 garbage-first heap   total 14336K, used 2212K [0x00000007e0000000, 0x0000000800000000)
  region size 1024K, 1 young (1024K), 0 survivors (0K)
 Metaspace       used 3105K, capacity 6154K, committed 6272K, reserved 1056768K
  class space    used 304K, capacity 608K, committed 640K, reserved 1048576K
}
Event: 139.593 GC heap after
{Heap after GC invocations=4 (full 4):
 garbage-first heap   total 14336K, used 2220K [0x00000007e0000000, 0x0000000800000000)
  region size 1024K, 0 young (0K), 0 survivors (0K)
 Metaspace       used 3105K, capacity 6154K, committed 6272K, reserved 1056768K
  class space    used 304K, capacity 608K, committed 640K, reserved 1048576K
}
Event: 316.286 GC heap before
{Heap before GC invocations=4 (full 4):
 garbage-first heap   total 14336K, used 2220K [0x00000007e0000000, 0x0000000800000000)
  region size 1024K, 1 young (1024K), 0 survivors (0K)
 Metaspace       used 3196K, capacity 6160K, committed 6272K, reserved 1056768K
  class space    used 313K, capacity 610K, committed 640K, reserved 1048576K
}
Event: 316.300 GC heap after
{Heap after GC invocations=5 (full 5):
 garbage-first heap   total 14336K, used 2218K [0x00000007e0000000, 0x0000000800000000)
  region size 1024K, 0 young (0K), 0 survivors (0K)
 Metaspace       used 3196K, capacity 6160K, committed 6272K, reserved 1056768K
  class space    used 313K, capacity 610K, committed 640K, reserved 1048576K
}
Event: 330.259 GC heap before
{Heap before GC invocations=5 (full 5):
 garbage-first heap   total 14336K, used 2218K [0x00000007e0000000, 0x0000000800000000)
  region size 1024K, 1 young (1024K), 0 survivors (0K)
 Metaspace       used 3204K, capacity 6160K, committed 6272K, reserved 1056768K
  class space    used 313K, capacity 610K, committed 640K, reserved 1048576K
}
Event: 330.271 GC heap after
{Heap after GC invocations=6 (full 6):
 garbage-first heap   total 14336K, used 2226K [0x00000007e0000000, 0x0000000800000000)
  region size 1024K, 0 young (0K), 0 survivors (0K)
 Metaspace       used 3204K, capacity 6160K, committed 6272K, reserved 1056768K
  class space    used 313K, capacity 610K, committed 640K, reserved 1048576K
}

Deoptimization events (10 events):
Event: 11.953 Thread 0x00007f8f959a0800 Uncommon trap: trap_request=0xffffff45 fr.pc=0x00000001211b2768 relative=0x0000000000000068
Event: 11.953 Thread 0x00007f8f959a0800 Uncommon trap: reason=unstable_if action=reinterpret pc=0x00000001211b2768 method=java.lang.String.isLatin1()Z @ 10 c2
Event: 11.953 Thread 0x00007f8f959a0800 DEOPT PACKING pc=0x00000001211b2768 sp=0x00007ffeeac0ddf0
Event: 11.953 Thread 0x00007f8f959a0800 DEOPT UNPACKING pc=0x0000000119721e25 sp=0x00007ffeeac0dda0 mode 2
Event: 11.962 Thread 0x00007f8f959a0800 DEOPT PACKING pc=0x0000000119ca0fe8 sp=0x00007ffeeac0c670
Event: 11.962 Thread 0x00007f8f959a0800 DEOPT UNPACKING pc=0x000000011972233a sp=0x00007ffeeac0bae0 mode 0
Event: 11.964 Thread 0x00007f8f959a0800 DEOPT PACKING pc=0x0000000119ca0fe8 sp=0x00007ffeeac0abf0
Event: 11.964 Thread 0x00007f8f959a0800 DEOPT UNPACKING pc=0x000000011972233a sp=0x00007ffeeac0a060 mode 0
Event: 11.966 Thread 0x00007f8f959a0800 DEOPT PACKING pc=0x0000000119ca0fe8 sp=0x00007ffeeac090d0
Event: 11.966 Thread 0x00007f8f959a0800 DEOPT UNPACKING pc=0x000000011972233a sp=0x00007ffeeac08540 mode 0

Classes unloaded (0 events):
No events

Classes redefined (0 events):
No events

Internal exceptions (1 events):
Event: 36.709 Thread 0x00007f8f959a0800 Exception <a 'java/lang/NoSuchMethodError'{0x00000007ef9fced8}: 'int java.lang.invoke.DirectMethodHandle$Holder.invokeSpecialIFC(java.lang.Object, java.lang.Object, int)'> (0x00000007ef9fced8) 
thrown [/scratch/mesos/slaves/fcf4c0c4-d73e-4321-860c-6613427db92b-S1400/frameworks/1735e8a2-a1db-478c-8104-60c8b0af87dd-0196/executors/daacdadf-a1b9-40bc-9978-e61e217c02bb/runs/8ae9fce2-2d0e-4b1f-b6c6-d913bc747292/workspace/open/src/hotspot/share/interpreter/linkResolver.cpp, line 767]

Events (20 events):
Event: 139.632 loading class jdk/internal/reflect/ClassDefiner$1
Event: 139.632 loading class jdk/internal/reflect/ClassDefiner$1 done
Event: 316.286 Executing VM operation: G1CollectFull
Event: 316.300 Executing VM operation: G1CollectFull done
Event: 330.259 Executing VM operation: G1CollectFull
Event: 330.271 Executing VM operation: G1CollectFull done
Event: 477.711 loading class org/ohdsi/sql/SqlTranslate
Event: 477.711 loading class org/ohdsi/sql/SqlTranslate done
Event: 477.731 loading class java/io/BufferedReader
Event: 477.731 loading class java/io/BufferedReader done
Event: 477.731 loading class sun/nio/cs/StreamDecoder
Event: 477.731 loading class sun/nio/cs/StreamDecoder done
Event: 477.731 loading class sun/nio/cs/UTF_8$Decoder
Event: 477.731 loading class java/nio/charset/CharsetDecoder
Event: 477.731 loading class java/nio/charset/CharsetDecoder done
Event: 477.731 loading class sun/nio/cs/UTF_8$Decoder done
Event: 477.732 loading class org/ohdsi/sql/StringUtils
Event: 477.732 loading class org/ohdsi/sql/StringUtils done
Event: 477.733 loading class org/ohdsi/sql/StringUtils$StringFunction
Event: 477.733 loading class org/ohdsi/sql/StringUtils$StringFunction done


Dynamic libraries:
0x0000000105c58000 	/Library/Frameworks/R.framework/Resources/lib/libR.dylib
0x00007fff422e8000 	/System/Library/Frameworks/AppKit.framework/Versions/C/AppKit
0x00007fff430ef000 	/System/Library/Frameworks/ApplicationServices.framework/Versions/A/ApplicationServices
0x00007fff44cd2000 	/System/Library/Frameworks/CoreFoundation.framework/Versions/A/CoreFoundation
0x00007fff46f57000 	/System/Library/Frameworks/Foundation.framework/Versions/C/Foundation
0x00007fff4760f000 	/System/Library/Frameworks/IOKit.framework/Versions/A/IOKit
0x00007fff50221000 	/System/Library/Frameworks/Security.framework/Versions/A/Security
0x00007fff6de95000 	/usr/lib/libbsm.0.dylib
0x00007fff6dc6f000 	/usr/lib/libSystem.B.dylib
0x00007fff70318000 	/usr/lib/libz.1.dylib
0x00007fff45f29000 	/System/Library/Frameworks/CoreServices.framework/Versions/A/CoreServices
0x000000010614b000 	/Applications/RStudio.app/Contents/Frameworks/libssl.1.1.dylib
0x00000001061cc000 	/Applications/RStudio.app/Contents/Frameworks/libcrypto.1.1.dylib
0x00007fff6deb4000 	/usr/lib/libc++.1.dylib
0x00007fff45119000 	/System/Library/Frameworks/CoreGraphics.framework/Versions/A/CoreGraphics
0x00007fff46901000 	/System/Library/Frameworks/CoreText.framework/Versions/A/CoreText
0x00007fff6f4a8000 	/usr/lib/libobjc.A.dylib
0x00007fff67732000 	/System/Library/PrivateFrameworks/RemoteViewServices.framework/Versions/A/RemoteViewServices
0x00007fff6b9ab000 	/System/Library/PrivateFrameworks/UIFoundation.framework/Versions/A/UIFoundation
0x00007fff6d090000 	/System/Library/PrivateFrameworks/XCTTargetBootstrap.framework/Versions/A/XCTTargetBootstrap
0x00007fff44be1000 	/System/Library/Frameworks/CoreDisplay.framework/Versions/A/CoreDisplay
0x00007fff6246a000 	/System/Library/PrivateFrameworks/IconServices.framework/Versions/A/IconServices
0x00007fff4988c000 	/System/Library/Frameworks/Metal.framework/Versions/A/Metal
0x00007fff599ae000 	/System/Library/PrivateFrameworks/DesktopServicesPriv.framework/Versions/A/DesktopServicesPriv
0x00007fff6e80b000 	/usr/lib/libenergytrace.dylib
0x00007fff69e91000 	/System/Library/PrivateFrameworks/SkyLight.framework/Versions/A/SkyLight
0x00007fff410b4000 	/System/Library/Frameworks/Accelerate.framework/Versions/A/Accelerate
0x00007fff476a0000 	/System/Library/Frameworks/IOSurface.framework/Versions/A/IOSurface
0x00007fff5981a000 	/System/Library/PrivateFrameworks/DFRFoundation.framework/Versions/A/DFRFoundation
0x00007fff435d2000 	/System/Library/Frameworks/AudioToolbox.framework/Versions/A/AudioToolbox
0x00007fff4384b000 	/System/Library/Frameworks/AudioUnit.framework/Versions/A/AudioUnit
0x00007fff4485b000 	/System/Library/Frameworks/CoreData.framework/Versions/A/CoreData
0x00007fff598af000 	/System/Library/PrivateFrameworks/DataDetectorsCore.framework/Versions/A/DataDetectorsCore
0x00007fff43f60000 	/System/Library/Frameworks/Carbon.framework/Versions/A/Frameworks/HIToolbox.framework/Versions/A/HIToolbox
0x00007fff6e964000 	/usr/lib/libicucore.A.dylib
0x00007fff4f794000 	/System/Library/Frameworks/QuartzCore.framework/Versions/A/QuartzCore
0x00007fff44335000 	/System/Library/Frameworks/Carbon.framework/Versions/A/Frameworks/SpeechRecognition.framework/Versions/A/SpeechRecognition
0x00007fff6ddc3000 	/usr/lib/libauto.dylib
0x00007fff7020b000 	/usr/lib/libxml2.2.dylib
0x00007fff593f5000 	/System/Library/PrivateFrameworks/CoreUI.framework/Versions/A/CoreUI
0x00007fff44746000 	/System/Library/Frameworks/CoreAudio.framework/Versions/A/CoreAudio
0x00007fff46d8b000 	/System/Library/Frameworks/DiskArbitration.framework/Versions/A/DiskArbitration
0x00007fff6ec12000 	/usr/lib/liblangid.dylib
0x00007fff63876000 	/System/Library/PrivateFrameworks/MultitouchSupport.framework/Versions/A/MultitouchSupport
0x00007fff6d82f000 	/usr/lib/libDiagnosticMessagesClient.dylib
0x00007fff65531000 	/System/Library/PrivateFrameworks/PerformanceAnalysis.framework/Versions/A/PerformanceAnalysis
0x00007fff4e97b000 	/System/Library/Frameworks/OpenGL.framework/Versions/A/OpenGL
0x00007fff4446b000 	/System/Library/Frameworks/ColorSync.framework/Versions/A/ColorSync
0x00007fff457ab000 	/System/Library/Frameworks/CoreImage.framework/Versions/A/CoreImage
0x00007fff47703000 	/System/Library/Frameworks/ImageIO.framework/Versions/A/ImageIO
0x00007fff55a45000 	/System/Library/PrivateFrameworks/Backup.framework/Versions/A/Backup
0x00007fff6dd16000 	/usr/lib/libarchive.2.dylib
0x00007fff43ba4000 	/System/Library/Frameworks/CFNetwork.framework/Versions/A/CFNetwork
0x00007fff5097d000 	/System/Library/Frameworks/SystemConfiguration.framework/Versions/A/SystemConfiguration
0x00007fff6d760000 	/usr/lib/libCRFSuite.dylib
0x00007fff6df08000 	/usr/lib/libc++abi.dylib
0x00007fff70b0e000 	/usr/lib/system/libcache.dylib
0x00007fff70b13000 	/usr/lib/system/libcommonCrypto.dylib
0x00007fff70b1e000 	/usr/lib/system/libcompiler_rt.dylib
0x00007fff70b26000 	/usr/lib/system/libcopyfile.dylib
0x00007fff70b30000 	/usr/lib/system/libcorecrypto.dylib
0x00007fff70c3b000 	/usr/lib/system/libdispatch.dylib
0x00007fff70c75000 	/usr/lib/system/libdyld.dylib
0x00007fff70ca2000 	/usr/lib/system/libkeymgr.dylib
0x00007fff70cb0000 	/usr/lib/system/liblaunch.dylib
0x00007fff70cb1000 	/usr/lib/system/libmacho.dylib
0x00007fff70cb7000 	/usr/lib/system/libquarantine.dylib
0x00007fff70cba000 	/usr/lib/system/libremovefile.dylib
0x00007fff70cbc000 	/usr/lib/system/libsystem_asl.dylib
0x00007fff70cd4000 	/usr/lib/system/libsystem_blocks.dylib
0x00007fff70cd5000 	/usr/lib/system/libsystem_c.dylib
0x00007fff70d5d000 	/usr/lib/system/libsystem_configuration.dylib
0x00007fff70d61000 	/usr/lib/system/libsystem_coreservices.dylib
0x00007fff70d65000 	/usr/lib/system/libsystem_darwin.dylib
0x00007fff70d6c000 	/usr/lib/system/libsystem_dnssd.dylib
0x00007fff70d73000 	/usr/lib/system/libsystem_info.dylib
0x00007fff70de8000 	/usr/lib/system/libsystem_m.dylib
0x00007fff70e34000 	/usr/lib/system/libsystem_malloc.dylib
0x00007fff70e5f000 	/usr/lib/system/libsystem_networkextension.dylib
0x00007fff70e6a000 	/usr/lib/system/libsystem_notify.dylib
0x00007fff70e87000 	/usr/lib/system/libsystem_sandbox.dylib
0x00007fff70e8b000 	/usr/lib/system/libsystem_secinit.dylib
0x00007fff70dbf000 	/usr/lib/system/libsystem_kernel.dylib
0x00007fff70e72000 	/usr/lib/system/libsystem_platform.dylib
0x00007fff70e7c000 	/usr/lib/system/libsystem_pthread.dylib
0x00007fff70e8e000 	/usr/lib/system/libsystem_symptoms.dylib
0x00007fff70e96000 	/usr/lib/system/libsystem_trace.dylib
0x00007fff70ead000 	/usr/lib/system/libunwind.dylib
0x00007fff70eb3000 	/usr/lib/system/libxpc.dylib
0x00007fff70ca3000 	/usr/lib/system/libkxld.dylib
0x00007fff54e36000 	/System/Library/PrivateFrameworks/AppleFSCompression.framework/Versions/A/AppleFSCompression
0x00007fff6db2f000 	/usr/lib/libOpenScriptingUtil.dylib
0x00007fff6e1bd000 	/usr/lib/libcoretls.dylib
0x00007fff6e1d4000 	/usr/lib/libcoretls_cfhelpers.dylib
0x00007fff6fc3f000 	/usr/lib/libpam.2.dylib
0x00007fff6fdff000 	/usr/lib/libsqlite3.dylib
0x00007fff701f9000 	/usr/lib/libxar.1.dylib
0x00007fff6dea6000 	/usr/lib/libbz2.1.0.dylib
0x00007fff6ec14000 	/usr/lib/liblzma.5.dylib
0x00007fff6f0c5000 	/usr/lib/libnetwork.dylib
0x00007fff6dcff000 	/usr/lib/libapple_nghttp2.dylib
0x00007fff6fc46000 	/usr/lib/libpcap.A.dylib
0x00007fff462c8000 	/System/Library/Frameworks/CoreServices.framework/Versions/A/Frameworks/FSEvents.framework/Versions/A/FSEvents
0x00007fff45fa7000 	/System/Library/Frameworks/CoreServices.framework/Versions/A/Frameworks/CarbonCore.framework/Versions/A/CarbonCore
0x00007fff46483000 	/System/Library/Frameworks/CoreServices.framework/Versions/A/Frameworks/Metadata.framework/Versions/A/Metadata
0x00007fff46522000 	/System/Library/Frameworks/CoreServices.framework/Versions/A/Frameworks/OSServices.framework/Versions/A/OSServices
0x00007fff4656d000 	/System/Library/Frameworks/CoreServices.framework/Versions/A/Frameworks/SearchKit.framework/Versions/A/SearchKit
0x00007fff45f2a000 	/System/Library/Frameworks/CoreServices.framework/Versions/A/Frameworks/AE.framework/Versions/A/AE
0x00007fff462d1000 	/System/Library/Frameworks/CoreServices.framework/Versions/A/Frameworks/LaunchServices.framework/Versions/A/LaunchServices
0x00007fff4627f000 	/System/Library/Frameworks/CoreServices.framework/Versions/A/Frameworks/DictionaryServices.framework/Versions/A/DictionaryServices
0x00007fff465d5000 	/System/Library/Frameworks/CoreServices.framework/Versions/A/Frameworks/SharedFileList.framework/Versions/A/SharedFileList
0x00007fff4a956000 	/System/Library/Frameworks/NetFS.framework/Versions/A/NetFS
0x00007fff63adc000 	/System/Library/PrivateFrameworks/NetAuth.framework/Versions/A/NetAuth
0x00007fff6d494000 	/System/Library/PrivateFrameworks/login.framework/Versions/A/Frameworks/loginsupport.framework/Versions/A/loginsupport
0x00007fff6b5b4000 	/System/Library/PrivateFrameworks/TCC.framework/Versions/A/TCC
0x00007fff58a52000 	/System/Library/PrivateFrameworks/CoreNLP.framework/Versions/A/CoreNLP
0x00007fff63571000 	/System/Library/PrivateFrameworks/MetadataUtilities.framework/Versions/A/MetadataUtilities
0x00007fff6ece9000 	/usr/lib/libmecabra.dylib
0x00007fff430f0000 	/System/Library/Frameworks/ApplicationServices.framework/Versions/A/Frameworks/ATS.framework/Versions/A/ATS
0x00007fff4343f000 	/System/Library/Frameworks/ApplicationServices.framework/Versions/A/Frameworks/ColorSyncLegacy.framework/Versions/A/ColorSyncLegacy
0x00007fff434de000 	/System/Library/Frameworks/ApplicationServices.framework/Versions/A/Frameworks/HIServices.framework/Versions/A/HIServices
0x00007fff43531000 	/System/Library/Frameworks/ApplicationServices.framework/Versions/A/Frameworks/LangAnalysis.framework/Versions/A/LangAnalysis
0x00007fff43541000 	/System/Library/Frameworks/ApplicationServices.framework/Versions/A/Frameworks/PrintCore.framework/Versions/A/PrintCore
0x00007fff4358b000 	/System/Library/Frameworks/ApplicationServices.framework/Versions/A/Frameworks/QD.framework/Versions/A/QD
0x00007fff435c5000 	/System/Library/Frameworks/ApplicationServices.framework/Versions/A/Frameworks/SpeechSynthesis.framework/Versions/A/SpeechSynthesis
0x00007fff6df30000 	/usr/lib/libcompression.dylib
0x00007fff49b5c000 	/System/Library/Frameworks/MetalPerformanceShaders.framework/Versions/A/MetalPerformanceShaders
0x00007fff410cc000 	/System/Library/Frameworks/Accelerate.framework/Versions/A/Frameworks/vImage.framework/Versions/A/vImage
0x00007fff42146000 	/System/Library/Frameworks/Accelerate.framework/Versions/A/Frameworks/vecLib.framework/Versions/A/vecLib
0x00007fff42092000 	/System/Library/Frameworks/Accelerate.framework/Versions/A/Frameworks/vecLib.framework/Versions/A/libvMisc.dylib
0x00007fff41eaa000 	/System/Library/Frameworks/Accelerate.framework/Versions/A/Frameworks/vecLib.framework/Versions/A/libvDSP.dylib
0x00007fff41766000 	/System/Library/Frameworks/Accelerate.framework/Versions/A/Frameworks/vecLib.framework/Versions/A/libBLAS.dylib
0x00007fff41a53000 	/System/Library/Frameworks/Accelerate.framework/Versions/A/Frameworks/vecLib.framework/Versions/A/libLAPACK.dylib
0x00007fff41dfd000 	/System/Library/Frameworks/Accelerate.framework/Versions/A/Frameworks/vecLib.framework/Versions/A/libLinearAlgebra.dylib
0x00007fff41e96000 	/System/Library/Frameworks/Accelerate.framework/Versions/A/Frameworks/vecLib.framework/Versions/A/libSparseBLAS.dylib
0x00007fff41e13000 	/System/Library/Frameworks/Accelerate.framework/Versions/A/Frameworks/vecLib.framework/Versions/A/libQuadrature.dylib
0x00007fff419e0000 	/System/Library/Frameworks/Accelerate.framework/Versions/A/Frameworks/vecLib.framework/Versions/A/libBNNS.dylib
0x00007fff41e19000 	/System/Library/Frameworks/Accelerate.framework/Versions/A/Frameworks/vecLib.framework/Versions/A/libSparse.dylib
0x00007fff5fda0000 	/System/Library/PrivateFrameworks/GPUWrangler.framework/Versions/A/GPUWrangler
0x00007fff6209f000 	/System/Library/PrivateFrameworks/IOAccelerator.framework/Versions/A/IOAccelerator
0x00007fff620aa000 	/System/Library/PrivateFrameworks/IOPresentment.framework/Versions/A/IOPresentment
0x00007fff5982a000 	/System/Library/PrivateFrameworks/DSExternalDisplay.framework/Versions/A/DSExternalDisplay
0x00007fff4ddd2000 	/System/Library/Frameworks/OpenGL.framework/Versions/A/Libraries/libCoreFSCache.dylib
0x00007fff49950000 	/System/Library/Frameworks/MetalPerformanceShaders.framework/Frameworks/MPSCore.framework/Versions/A/MPSCore
0x00007fff49970000 	/System/Library/Frameworks/MetalPerformanceShaders.framework/Frameworks/MPSImage.framework/Versions/A/MPSImage
0x00007fff49a15000 	/System/Library/Frameworks/MetalPerformanceShaders.framework/Frameworks/MPSNeuralNetwork.framework/Versions/A/MPSNeuralNetwork
0x00007fff499ed000 	/System/Library/Frameworks/MetalPerformanceShaders.framework/Frameworks/MPSMatrix.framework/Versions/A/MPSMatrix
0x00007fff49b41000 	/System/Library/Frameworks/MetalPerformanceShaders.framework/Frameworks/MPSRayIntersector.framework/Versions/A/MPSRayIntersector
0x00007fff6359a000 	/System/Library/PrivateFrameworks/MetalTools.framework/Versions/A/MetalTools
0x00007fff546e0000 	/System/Library/PrivateFrameworks/AggregateDictionary.framework/Versions/A/AggregateDictionary
0x00007fff6db0f000 	/usr/lib/libMobileGestalt.dylib
0x00007fff46a64000 	/System/Library/Frameworks/CoreVideo.framework/Versions/A/CoreVideo
0x00007fff60bb1000 	/System/Library/PrivateFrameworks/GraphVisualizer.framework/Versions/A/GraphVisualizer
0x00007fff5aa30000 	/System/Library/PrivateFrameworks/FaceCore.framework/Versions/A/FaceCore
0x00007fff4d400000 	/System/Library/Frameworks/OpenCL.framework/Versions/A/OpenCL
0x00007fff6d867000 	/usr/lib/libFosl_dynamic.dylib
0x00007fff64347000 	/System/Library/PrivateFrameworks/OTSVG.framework/Versions/A/OTSVG
0x00007fff431f4000 	/System/Library/Frameworks/ApplicationServices.framework/Versions/A/Frameworks/ATS.framework/Versions/A/Resources/libFontParser.dylib
0x00007fff4330c000 	/System/Library/Frameworks/ApplicationServices.framework/Versions/A/Frameworks/ATS.framework/Versions/A/Resources/libFontRegistry.dylib
0x00007fff47972000 	/System/Library/Frameworks/ImageIO.framework/Versions/A/Resources/libJPEG.dylib
0x00007fff47c97000 	/System/Library/Frameworks/ImageIO.framework/Versions/A/Resources/libTIFF.dylib
0x00007fff47c6d000 	/System/Library/Frameworks/ImageIO.framework/Versions/A/Resources/libPng.dylib
0x00007fff47890000 	/System/Library/Frameworks/ImageIO.framework/Versions/A/Resources/libGIF.dylib
0x00007fff47895000 	/System/Library/Frameworks/ImageIO.framework/Versions/A/Resources/libJP2.dylib
0x00007fff47c94000 	/System/Library/Frameworks/ImageIO.framework/Versions/A/Resources/libRadiance.dylib
0x00007fff54f8d000 	/System/Library/PrivateFrameworks/AppleJPEG.framework/Versions/A/AppleJPEG
0x00007fff4dddd000 	/System/Library/Frameworks/OpenGL.framework/Versions/A/Libraries/libGFXShared.dylib
0x00007fff4dfa0000 	/System/Library/Frameworks/OpenGL.framework/Versions/A/Libraries/libGLU.dylib
0x00007fff4dde6000 	/System/Library/Frameworks/OpenGL.framework/Versions/A/Libraries/libGL.dylib
0x00007fff4ddf2000 	/System/Library/Frameworks/OpenGL.framework/Versions/A/Libraries/libGLImage.dylib
0x00007fff4ddcf000 	/System/Library/Frameworks/OpenGL.framework/Versions/A/Libraries/libCVMSPluginSupport.dylib
0x00007fff4ddd8000 	/System/Library/Frameworks/OpenGL.framework/Versions/A/Libraries/libCoreVMClient.dylib
0x00007fff6e681000 	/usr/lib/libcups.2.dylib
0x00007fff48e57000 	/System/Library/Frameworks/Kerberos.framework/Versions/A/Kerberos
0x00007fff47373000 	/System/Library/Frameworks/GSS.framework/Versions/A/GSS
0x00007fff6fd94000 	/usr/lib/libresolv.9.dylib
0x00007fff6e873000 	/usr/lib/libiconv.2.dylib
0x00007fff60d26000 	/System/Library/PrivateFrameworks/Heimdal.framework/Versions/A/Heimdal
0x00007fff6e843000 	/usr/lib/libheimdal-asn1.dylib
0x00007fff4d474000 	/System/Library/Frameworks/OpenDirectory.framework/Versions/A/OpenDirectory
0x00007fff577b5000 	/System/Library/PrivateFrameworks/CommonAuth.framework/Versions/A/CommonAuth
0x00007fff4d458000 	/System/Library/Frameworks/OpenDirectory.framework/Versions/A/Frameworks/CFOpenDirectory.framework/Versions/A/CFOpenDirectory
0x00007fff50522000 	/System/Library/Frameworks/SecurityFoundation.framework/Versions/A/SecurityFoundation
0x00007fff53c26000 	/System/Library/PrivateFrameworks/APFS.framework/Versions/A/APFS
0x00007fff701f5000 	/usr/lib/libutil.dylib
0x00007fff6df1e000 	/usr/lib/libcharset.1.dylib
0x00007fff5522a000 	/System/Library/PrivateFrameworks/AppleSauce.framework/Versions/A/AppleSauce
0x00007fff553ab000 	/System/Library/PrivateFrameworks/AssertionServices.framework/Versions/A/AssertionServices
0x00007fff55adb000 	/System/Library/PrivateFrameworks/BaseBoard.framework/Versions/A/BaseBoard
0x00007fff6ec44000 	/usr/lib/libmecab.1.0.0.dylib
0x00007fff6e83d000 	/usr/lib/libgermantok.dylib
0x00007fff6dcec000 	/usr/lib/libThaiTokenizer.dylib
0x00007fff6d797000 	/usr/lib/libChineseTokenizer.dylib
0x00007fff62757000 	/System/Library/PrivateFrameworks/LanguageModeling.framework/Versions/A/LanguageModeling
0x00007fff58497000 	/System/Library/PrivateFrameworks/CoreEmoji.framework/Versions/A/CoreEmoji
0x00007fff62833000 	/System/Library/PrivateFrameworks/Lexicon.framework/Versions/A/Lexicon
0x00007fff62876000 	/System/Library/PrivateFrameworks/LinguisticData.framework/Versions/A/LinguisticData
0x00007fff6df1f000 	/usr/lib/libcmph.dylib
0x00007fff505e0000 	/System/Library/Frameworks/ServiceManagement.framework/Versions/A/ServiceManagement
0x00007fff55a3c000 	/System/Library/PrivateFrameworks/BackgroundTaskManagement.framework/Versions/A/BackgroundTaskManagement
0x00007fff702ef000 	/usr/lib/libxslt.1.dylib
0x00007fff44262000 	/System/Library/Frameworks/Carbon.framework/Versions/A/Frameworks/Ink.framework/Versions/A/Ink
0x00007fff6b826000 	/System/Library/PrivateFrameworks/TextureIO.framework/Versions/A/TextureIO
0x00007fff6dd40000 	/usr/lib/libate.dylib
0x00007fff59779000 	/System/Library/PrivateFrameworks/CrashReporterSupport.framework/Versions/A/CrashReporterSupport
0x00007fff68f5e000 	/System/Library/PrivateFrameworks/Sharing.framework/Versions/A/Sharing
0x00007fff5578e000 	/System/Library/PrivateFrameworks/AuthKit.framework/Versions/A/AuthKit
0x00007fff54ce2000 	/System/Library/PrivateFrameworks/Apple80211.framework/Versions/A/Apple80211
0x00007fff59521000 	/System/Library/PrivateFrameworks/CoreUtils.framework/Versions/A/CoreUtils
0x00007fff46aa5000 	/System/Library/Frameworks/CoreWLAN.framework/Versions/A/CoreWLAN
0x00007fff474a2000 	/System/Library/Frameworks/IOBluetooth.framework/Versions/A/IOBluetooth
0x00007fff673d2000 	/System/Library/PrivateFrameworks/ProtocolBuffer.framework/Versions/A/ProtocolBuffer
0x00007fff637d2000 	/System/Library/PrivateFrameworks/MobileKeyBag.framework/Versions/A/MobileKeyBag
0x00007fff58d65000 	/System/Library/PrivateFrameworks/CorePhoneNumbers.framework/Versions/A/CorePhoneNumbers
0x00007fff54f41000 	/System/Library/PrivateFrameworks/AppleIDAuthSupport.framework/Versions/A/AppleIDAuthSupport
0x00007fff6272a000 	/System/Library/PrivateFrameworks/KeychainCircle.framework/Versions/A/KeychainCircle
0x00007fff67588000 	/System/Library/PrivateFrameworks/ROCKit.framework/Versions/A/ROCKit
0x00007fff59715000 	/System/Library/PrivateFrameworks/CoreWiFi.framework/Versions/A/CoreWiFi
0x00007fff44830000 	/System/Library/Frameworks/CoreBluetooth.framework/Versions/A/CoreBluetooth
0x00007fff59970000 	/System/Library/PrivateFrameworks/DebugSymbols.framework/Versions/A/DebugSymbols
0x00007fff592e1000 	/System/Library/PrivateFrameworks/CoreSymbolication.framework/Versions/A/CoreSymbolication
0x00007fff6b041000 	/System/Library/PrivateFrameworks/Symbolication.framework/Versions/A/Symbolication
0x00007fff6a8e4000 	/System/Library/PrivateFrameworks/SpeechRecognitionCore.framework/Versions/A/SpeechRecognitionCore
0x0000000106400000 	/Library/Frameworks/R.framework/Versions/4.0/Resources/lib/libRblas.dylib
0x0000000106432000 	/Library/Frameworks/R.framework/Versions/4.0/Resources/lib/libgfortran.5.dylib
0x00000001066eb000 	/Library/Frameworks/R.framework/Versions/4.0/Resources/lib/libquadmath.0.dylib
0x00007fff6eef2000 	/usr/lib/libncurses.5.4.dylib
0x0000000106737000 	/Library/Frameworks/R.framework/Versions/4.0/Resources/lib/libgcc_s.1.dylib
0x00000001087b3000 	/Library/Frameworks/R.framework/Versions/4.0/Resources/library/methods/libs/methods.so
0x00000001086ef000 	/Library/Frameworks/R.framework/Versions/4.0/Resources/library/grDevices/libs/grDevices.so
0x0000000108902000 	/Library/Frameworks/R.framework/Versions/4.0/Resources/library/graphics/libs/graphics.so
0x0000000108792000 	/Library/Frameworks/R.framework/Versions/4.0/Resources/library/utils/libs/utils.so
0x0000000108f72000 	/Library/Frameworks/R.framework/Versions/4.0/Resources/library/stats/libs/stats.so
0x0000000109039000 	/Library/Frameworks/R.framework/Versions/4.0/Resources/lib/libRlapack.dylib
0x0000000109267000 	/Library/Frameworks/R.framework/Versions/4.0/Resources/library/fansi/libs/fansi.so
0x00000001087a5000 	/Library/Frameworks/R.framework/Versions/4.0/Resources/library/glue/libs/glue.so
0x000000010928c000 	/Library/Frameworks/R.framework/Versions/4.0/Resources/library/tools/libs/tools.so
0x0000000109318000 	/Library/Frameworks/R.framework/Versions/4.0/Resources/library/rlang/libs/rlang.so
0x00000001087aa000 	/Library/Frameworks/R.framework/Versions/4.0/Resources/library/ellipsis/libs/ellipsis.so
0x0000000109344000 	/Library/Frameworks/R.framework/Versions/4.0/Resources/library/digest/libs/digest.so
0x000000010947b000 	/Library/Frameworks/R.framework/Versions/4.0/Resources/library/processx/libs/processx.so
0x000000010948d000 	/Library/Frameworks/R.framework/Versions/4.0/Resources/library/ps/libs/ps.so
0x00000001087ae000 	/Library/Frameworks/R.framework/Versions/4.0/Resources/library/pkgload/libs/pkgload.so
0x000000010894b000 	/Library/Frameworks/R.framework/Versions/4.0/Resources/library/backports/libs/backports.so
0x0000000109676000 	/Library/Frameworks/R.framework/Versions/4.0/Resources/library/testthat/libs/testthat.so
0x000000010976b000 	/Library/Frameworks/R.framework/Versions/4.0/Resources/library/fs/libs/fs.so
0x00000001097d1000 	/Library/Frameworks/R.framework/Versions/4.0/Resources/library/curl/libs/curl.so
0x00007fff6e700000 	/usr/lib/libcurl.4.dylib
0x00007fff6e56d000 	/usr/lib/libcrypto.42.dylib
0x00007fff700a0000 	/usr/lib/libssl.44.dylib
0x00007fff48e71000 	/System/Library/Frameworks/LDAP.framework/Versions/A/LDAP
0x00007fff6b9a4000 	/System/Library/PrivateFrameworks/TrustEvaluationAgent.framework/Versions/A/TrustEvaluationAgent
0x00007fff6fdea000 	/usr/lib/libsasl2.2.dylib
0x00007fff58294000 	/System/Library/PrivateFrameworks/CoreDaemon.framework/Versions/B/CoreDaemon
0x00007fff55225000 	/System/Library/PrivateFrameworks/AppleSRP.framework/Versions/A/AppleSRP
0x0000000109840000 	/Library/Frameworks/R.framework/Versions/4.0/Resources/library/vctrs/libs/vctrs.so
0x00000001098c7000 	/Library/Frameworks/R.framework/Versions/4.0/Resources/library/tibble/libs/tibble.so
0x00000001098f2000 	/Library/Frameworks/R.framework/Versions/4.0/Resources/library/purrr/libs/purrr.so
0x0000000109975000 	/Library/Frameworks/R.framework/Versions/4.0/Resources/library/dplyr/libs/dplyr.so
0x0000000109983000 	/Library/Frameworks/R.framework/Versions/4.0/Resources/library/stringi/libs/stringi.so
0x000000010bb39000 	/Library/Frameworks/R.framework/Versions/4.0/Resources/library/grid/libs/grid.so
0x000000010bbc9000 	/Library/Frameworks/R.framework/Versions/4.0/Resources/library/colorspace/libs/colorspace.so
0x000000010be9b000 	/Library/Frameworks/R.framework/Versions/4.0/Resources/library/jsonlite/libs/jsonlite.so
0x000000010bf7d000 	/Library/Frameworks/R.framework/Versions/4.0/Resources/library/Rcpp/libs/Rcpp.so
0x000000010c155000 	/Library/Frameworks/R.framework/Versions/4.0/Resources/library/magick/libs/magick.so
0x00007fff6e80c000 	/usr/lib/libexpat.1.dylib
0x00000001089ea000 	/Library/Frameworks/R.framework/Versions/4.0/Resources/library/lattice/libs/lattice.so
0x00000001089f4000 	/Library/Frameworks/R.framework/Versions/4.0/Resources/library/hexbin/libs/hexbin.so
0x000000010e1f7000 	/Library/Frameworks/R.framework/Versions/4.0/Resources/library/sysfonts/libs/sysfonts.so
0x000000010e424000 	/Library/Frameworks/R.framework/Versions/4.0/Resources/library/showtext/libs/showtext.so
0x000000010bd05000 	/Library/Frameworks/R.framework/Versions/4.0/Resources/library/MASS/libs/MASS.so
0x000000010e9f4000 	/Library/Frameworks/R.framework/Versions/4.0/Resources/library/readr/libs/readr.so
0x0000000108a1e000 	/Library/Frameworks/R.framework/Versions/4.0/Resources/library/readr/rcon/librcon.so
0x000000010eab9000 	/Library/Frameworks/R.framework/Versions/4.0/Resources/library/qpdf/libs/qpdf.so
0x000000010ec82000 	/Library/Frameworks/R.framework/Versions/4.0/Resources/library/pdftools/libs/pdftools.so
0x000000010bbfe000 	/Library/Frameworks/R.framework/Versions/4.0/Resources/library/splines/libs/splines.so
0x000000010f38f000 	/Library/Frameworks/R.framework/Versions/4.0/Resources/library/Matrix/libs/Matrix.so
0x000000010bee9000 	/Library/Frameworks/R.framework/Versions/4.0/Resources/library/survival/libs/survival.so
0x0000000108a14000 	/Library/Frameworks/R.framework/Versions/4.0/Resources/library/base64enc/libs/base64enc.so
0x000000010c041000 	/Library/Frameworks/R.framework/Versions/4.0/Resources/library/png/libs/png.so
0x000000010f666000 	/Library/Frameworks/R.framework/Versions/4.0/Resources/library/jpeg/libs/jpeg.so
0x000000010c015000 	/Library/Frameworks/R.framework/Versions/4.0/Resources/library/cluster/libs/cluster.so
0x000000010f709000 	/Library/Frameworks/R.framework/Versions/4.0/Resources/library/foreign/libs/foreign.so
0x0000000109279000 	/Library/Frameworks/R.framework/Versions/4.0/Resources/library/nnet/libs/nnet.so
0x000000010f74c000 	/Library/Frameworks/R.framework/Versions/4.0/Resources/library/rpart/libs/rpart.so
0x000000010e1e4000 	/Library/Frameworks/R.framework/Versions/4.0/Resources/library/checkmate/libs/checkmate.so
0x0000000108a22000 	/Library/Frameworks/R.framework/Versions/4.0/Resources/library/htmltools/libs/htmltools.so
0x0000000109287000 	/Library/Frameworks/R.framework/Versions/4.0/Resources/library/xfun/libs/xfun.so
0x000000010f8dd000 	/Library/Frameworks/R.framework/Versions/4.0/Resources/library/data.table/libs/datatable.so
0x000000010bf2d000 	/Library/Frameworks/R.framework/Versions/4.0/Resources/library/Hmisc/libs/Hmisc.so
0x000000010fb3f000 	/Library/Frameworks/R.framework/Versions/4.0/Resources/library/gmp/libs/gmp.so
0x000000010fc3a000 	/Library/Frameworks/R.framework/Versions/4.0/Resources/library/lubridate/libs/lubridate.so
0x000000010f4e6000 	/Library/Frameworks/R.framework/Versions/4.0/Resources/library/tidyr/libs/tidyr.so
0x000000010fcb6000 	/Library/Frameworks/R.framework/Versions/4.0/Resources/library/utf8/libs/utf8.so
0x0000000110414000 	/Library/Java/JavaVirtualMachines/openjdk-13.0.1.jdk/Contents/Home/lib/server/libjvm.dylib
0x0000000108a9f000 	/Library/Frameworks/R.framework/Versions/4.0/Resources/library/rJava/libs/rJava.so
0x000000010bc8a000 	/Library/Java/JavaVirtualMachines/openjdk-13.0.1.jdk/Contents/Home/lib/libverify.dylib
0x000000010f49c000 	/Library/Java/JavaVirtualMachines/openjdk-13.0.1.jdk/Contents/Home/lib/libjava.dylib
0x000000010bcb3000 	/Library/Java/JavaVirtualMachines/openjdk-13.0.1.jdk/Contents/Home/lib/libzip.dylib
0x000000010bcd5000 	/Library/Java/JavaVirtualMachines/openjdk-13.0.1.jdk/Contents/Home/lib/libjimage.dylib
0x000000012e632000 	/Library/Developer/CommandLineTools/usr/lib/libclang.dylib
0x0000000133bf5000 	/Library/Frameworks/R.framework/Resources/modules//internet.so
0x0000000133d89000 	/Library/Frameworks/R.framework/Versions/4.0/Resources/library/haven/libs/haven.so
0x0000000133e12000 	/Library/Frameworks/R.framework/Versions/4.0/Resources/library/readxl/libs/readxl.so
0x000000010f51f000 	/Library/Frameworks/R.framework/Versions/4.0/Resources/library/xml2/libs/xml2.so
0x0000000133fdd000 	/Library/Frameworks/R.framework/Versions/4.0/Resources/library/RMySQL/libs/RMySQL.so
0x000000010bc6c000 	/Library/Java/JavaVirtualMachines/openjdk-13.0.1.jdk/Contents/Home/lib/libnio.dylib
0x000000010ffa4000 	/Library/Java/JavaVirtualMachines/openjdk-13.0.1.jdk/Contents/Home/lib/./libnet.dylib
0x000000010894f000 	/Library/Java/JavaVirtualMachines/openjdk-13.0.1.jdk/Contents/Home/lib/libextnet.dylib
0x0000000133e99000 	/Library/Frameworks/R.framework/Versions/4.0/Resources/library/triebeard/libs/triebeard.so
0x0000000133eef000 	/Library/Frameworks/R.framework/Versions/4.0/Resources/library/urltools/libs/urltools.so


VM Arguments:
jvm_args: -Djava.awt.headless=true -Xmx512m -Xrs vfprintf exit -Xss2m 
java_command: <unknown>
java_class_path (initial): /Library/Frameworks/R.framework/Versions/4.0/Resources/library/rJava/java/boot
Launcher Type: generic

[Global flags]
     intx CICompilerCount                          = 4                                         {product} {ergonomic}
     uint ConcGCThreads                            = 2                                         {product} {ergonomic}
     uint G1ConcRefinementThreads                  = 8                                         {product} {ergonomic}
   size_t G1HeapRegionSize                         = 1048576                                   {product} {ergonomic}
    uintx GCDrainStackTargetSize                   = 64                                        {product} {ergonomic}
   size_t InitialHeapSize                          = 268435456                                 {product} {ergonomic}
   size_t MarkStackSize                            = 4194304                                   {product} {ergonomic}
   size_t MaxHeapSize                              = 536870912                                 {product} {command line}
   size_t MaxNewSize                               = 321912832                                 {product} {ergonomic}
   size_t MinHeapDeltaBytes                        = 1048576                                   {product} {ergonomic}
   size_t MinHeapSize                              = 8388608                                   {product} {ergonomic}
    uintx NonNMethodCodeHeapSize                   = 5836300                                {pd product} {ergonomic}
    uintx NonProfiledCodeHeapSize                  = 122910970                              {pd product} {ergonomic}
    uintx ProfiledCodeHeapSize                     = 122910970                              {pd product} {ergonomic}
     bool ReduceSignalUsage                        = true                                      {product} {command line}
    uintx ReservedCodeCacheSize                    = 251658240                              {pd product} {ergonomic}
     bool SegmentedCodeCache                       = true                                      {product} {ergonomic}
   size_t SoftMaxHeapSize                          = 536870912                              {manageable} {ergonomic}
     intx ThreadStackSize                          = 2048                                   {pd product} {command line}
     bool UseCompressedClassPointers               = true                                 {lp64_product} {ergonomic}
     bool UseCompressedOops                        = true                                 {lp64_product} {ergonomic}
     bool UseG1GC                                  = true                                      {product} {ergonomic}

Logging:
Log output configuration:
 #0: stdout all=warning uptime,level,tags
 #1: stderr all=off uptime,level,tags

Environment Variables:
PATH=/usr/bin:/bin:/usr/sbin:/sbin:/Applications/RStudio.app/Contents/MacOS/rpostback:/Applications/RStudio.app/Contents/MacOS/postback:/usr/local/bin:/opt/local/bin:/Applications/RStudio.app/Contents/MacOS/postback:/Applications/RStudio.app/Contents/MacOS/postback:/Applications/RStudio.app/Contents/MacOS/postback:/Applications/RStudio.app/Contents/MacOS/postback:/Applications/RStudio.app/Contents/MacOS/postback:/Applications/RStudio.app/Contents/MacOS/postback
SHELL=/bin/bash
DISPLAY=:0
DYLD_LIBRARY_PATH=/Library/Java/JavaVirtualMachines/openjdk-13.0.1.jdk/Contents/Home/lib/server
DYLD_FALLBACK_LIBRARY_PATH=/Library/Frameworks/R.framework/Resources/lib:/Users/patelm9/lib:/usr/local/lib:/usr/lib:::/lib:/Library/Java/JavaVirtualMachines/jdk1.8.0_241.jdk/Contents/Home/jre/lib/server

Signal Handlers:
SIGSEGV: [libjvm.dylib+0x781580], sa_mask[0]=11111111011111110111111111111111, sa_flags=SA_ONSTACK|SA_RESTART|SA_SIGINFO
SIGBUS: [libjvm.dylib+0x781580], sa_mask[0]=11111111011111110111111111111111, sa_flags=SA_RESTART|SA_SIGINFO
SIGFPE: [libjvm.dylib+0x781580], sa_mask[0]=11111111011111110111111111111111, sa_flags=SA_RESTART|SA_SIGINFO
SIGPIPE: SIG_IGN, sa_mask[0]=00000000000000000000000000000000, sa_flags=SA_RESTART
SIGXFSZ: [libjvm.dylib+0x627f85], sa_mask[0]=11111111011111110111111111111111, sa_flags=SA_RESTART|SA_SIGINFO
SIGILL: [libjvm.dylib+0x781580], sa_mask[0]=11111111011111110111111111111111, sa_flags=SA_RESTART|SA_SIGINFO
SIGUSR2: SIG_IGN, sa_mask[0]=00000000000000000000000000000000, sa_flags=none
SIGHUP: SIG_DFL, sa_mask[0]=00000000000000000000000000000000, sa_flags=none
SIGINT: [rsession+0x156130], sa_mask[0]=00000000000000000000000000000000, sa_flags=SA_RESTART
SIGTERM: SIG_DFL, sa_mask[0]=00000000000000000000000000000000, sa_flags=none
SIGQUIT: SIG_DFL, sa_mask[0]=00000000000000000000000000000000, sa_flags=none


---------------  S Y S T E M  ---------------

OS:uname:Darwin 18.7.0 Darwin Kernel Version 18.7.0: Thu Jun 18 20:50:10 PDT 2020; root:xnu-4903.278.43~1/RELEASE_X86_64 x86_64
rlimit: STACK 8192k, CORE 0k, NPROC 1418, NOFILE 12544, AS infinity, DATA infinity, FSIZE infinity
load average:3.71 3.93 3.84

CPU:total 8 (initial active 8) (4 cores per cpu, 2 threads per core) family 6 model 142 stepping 10, cmov, cx8, fxsr, mmx, sse, sse2, sse3, ssse3, sse4.1, sse4.2, popcnt, avx, avx2, aes, clmul, erms, 3dnowpref, lzcnt, ht, tsc, tscinvbit, bmi1, bmi2, adx, fma

Memory: 4k page, physical 16777216k(153932k free), swap 2097152k(1247232k free)

vm_info: OpenJDK 64-Bit Server VM (13.0.1+9) for bsd-amd64 JRE (13.0.1+9), built on Oct  6 2019 11:52:16 by "mach5one" with clang 4.2.1 Compatible Apple LLVM 10.0.0 (clang-1000.11.45.5)

END.
